2018-03-18 07:24:13 [scrapy.utils.log] INFO: Scrapy 1.5.0 started (bot: wikiSpider)
2018-03-18 07:24:13 [scrapy.utils.log] INFO: Versions: lxml 4.2.0.0, libxml2 2.9.8, cssselect 1.0.3, parsel 1.4.0, w3lib 1.19.0, Twisted 17.9.0, Python 3.4.2 (default, Oct  8 2014, 13:14:40) - [GCC 4.9.1], pyOpenSSL 17.5.0 (OpenSSL 1.1.0g  2 Nov 2017), cryptography 2.1.4, Platform Linux-3.4.34-g723a426-i686-with-debian-8.10
2018-03-18 07:24:13 [scrapy.crawler] INFO: Overridden settings: {'ROBOTSTXT_OBEY': True, 'LOG_FILE': 'wiki.log', 'SPIDER_MODULES': ['wikiSpider.spiders'], 'NEWSPIDER_MODULE': 'wikiSpider.spiders', 'BOT_NAME': 'wikiSpider'}
2018-03-18 07:24:13 [scrapy.middleware] INFO: Enabled extensions:
['scrapy.extensions.logstats.LogStats',
 'scrapy.extensions.corestats.CoreStats',
 'scrapy.extensions.telnet.TelnetConsole',
 'scrapy.extensions.memusage.MemoryUsage']
2018-03-18 07:24:13 [scrapy.middleware] INFO: Enabled downloader middlewares:
['scrapy.downloadermiddlewares.robotstxt.RobotsTxtMiddleware',
 'scrapy.downloadermiddlewares.httpauth.HttpAuthMiddleware',
 'scrapy.downloadermiddlewares.downloadtimeout.DownloadTimeoutMiddleware',
 'scrapy.downloadermiddlewares.defaultheaders.DefaultHeadersMiddleware',
 'scrapy.downloadermiddlewares.useragent.UserAgentMiddleware',
 'scrapy.downloadermiddlewares.retry.RetryMiddleware',
 'scrapy.downloadermiddlewares.redirect.MetaRefreshMiddleware',
 'scrapy.downloadermiddlewares.httpcompression.HttpCompressionMiddleware',
 'scrapy.downloadermiddlewares.redirect.RedirectMiddleware',
 'scrapy.downloadermiddlewares.cookies.CookiesMiddleware',
 'scrapy.downloadermiddlewares.httpproxy.HttpProxyMiddleware',
 'scrapy.downloadermiddlewares.stats.DownloaderStats']
2018-03-18 07:24:13 [scrapy.middleware] INFO: Enabled spider middlewares:
['scrapy.spidermiddlewares.httperror.HttpErrorMiddleware',
 'scrapy.spidermiddlewares.offsite.OffsiteMiddleware',
 'scrapy.spidermiddlewares.referer.RefererMiddleware',
 'scrapy.spidermiddlewares.urllength.UrlLengthMiddleware',
 'scrapy.spidermiddlewares.depth.DepthMiddleware']
2018-03-18 07:24:14 [scrapy.middleware] INFO: Enabled item pipelines:
[]
2018-03-18 07:24:14 [scrapy.core.engine] INFO: Spider opened
2018-03-18 07:24:14 [scrapy.extensions.logstats] INFO: Crawled 0 pages (at 0 pages/min), scraped 0 items (at 0 items/min)
2018-03-18 07:24:14 [scrapy.extensions.telnet] DEBUG: Telnet console listening on 127.0.0.1:6023
2018-03-18 07:24:15 [scrapy.downloadermiddlewares.redirect] DEBUG: Redirecting (301) to <GET https://en.wikipedia.org/robots.txt> from <GET http://en.wikipedia.org/robots.txt>
2018-03-18 07:24:16 [scrapy.core.engine] DEBUG: Crawled (200) <GET https://en.wikipedia.org/robots.txt> (referer: None)
2018-03-18 07:24:17 [scrapy.downloadermiddlewares.redirect] DEBUG: Redirecting (301) to <GET https://en.wikipedia.org/wiki/Main_Page> from <GET http://en.wikipedia.org/wiki/Main_Page>
2018-03-18 07:24:17 [scrapy.downloadermiddlewares.redirect] DEBUG: Redirecting (301) to <GET https://en.wikipedia.org/wiki/Python_%28programming_language%29> from <GET http://en.wikipedia.org/wiki/Python_%28programming_language%29>
2018-03-18 07:24:17 [scrapy.core.engine] DEBUG: Crawled (200) <GET https://en.wikipedia.org/wiki/Main_Page> (referer: None)
2018-03-18 07:24:18 [scrapy.core.scraper] DEBUG: Scraped from <200 https://en.wikipedia.org/wiki/Main_Page>
{'title': 'Main Page'}
2018-03-18 07:24:20 [scrapy.core.engine] DEBUG: Crawled (200) <GET https://en.wikipedia.org/wiki/Python_%28programming_language%29> (referer: None)
2018-03-18 07:24:20 [scrapy.core.scraper] DEBUG: Scraped from <200 https://en.wikipedia.org/wiki/Python_%28programming_language%29>
{'title': 'Python (programming language)'}
2018-03-18 07:24:20 [scrapy.core.engine] INFO: Closing spider (finished)
2018-03-18 07:24:20 [scrapy.statscollectors] INFO: Dumping Scrapy stats:
{'downloader/request_bytes': 1703,
 'downloader/request_count': 6,
 'downloader/request_method_count/GET': 6,
 'downloader/response_bytes': 99232,
 'downloader/response_count': 6,
 'downloader/response_status_count/200': 3,
 'downloader/response_status_count/301': 3,
 'finish_reason': 'finished',
 'finish_time': datetime.datetime(2018, 3, 18, 7, 24, 20, 439170),
 'item_scraped_count': 2,
 'log_count/DEBUG': 9,
 'log_count/INFO': 7,
 'memusage/max': 29577216,
 'memusage/startup': 29577216,
 'response_received_count': 3,
 'scheduler/dequeued': 4,
 'scheduler/dequeued/memory': 4,
 'scheduler/enqueued': 4,
 'scheduler/enqueued/memory': 4,
 'start_time': datetime.datetime(2018, 3, 18, 7, 24, 14, 97916)}
2018-03-18 07:24:20 [scrapy.core.engine] INFO: Spider closed (finished)
